-------------------------------------------
BEFORE SPHERE CACHING:
-------------------------------------------
radius: 2,  blocks: 27,    timer: 15 ms
radius: 3,  blocks: 93,    timer: 0 ms
radius: 4,  blocks: 251,   timer: 0 ms
radius: 5,  blocks: 485,   timer: 0 ms
radius: 6,  blocks: 895,   timer: 1 ms
radius: 7,  blocks: 1365,  timer: 2 ms
radius: 8,  blocks: 2103,  timer: 3 ms
radius: 9,  blocks: 2969,  timer: 5 ms
radius: 10, blocks: 4139,  timer: 7 ms
radius: 11, blocks: 5497,  timer: 13 ms
radius: 12, blocks: 7123,  timer: 17 ms
radius: 13, blocks: 9093,  timer: 24 ms
radius: 14, blocks: 11459, timer: 37 ms
radius: 15, blocks: 13997, timer: 48 ms
radius: 16, blocks: 17071, timer: 72 ms
radius: 17, blocks: 20276, timer: 103 ms
radius: 18, blocks: 23981, timer: 141 ms
radius: 19, blocks: 27878, timer: 170 ms
radius: 20, blocks: 32223, timer: 227 ms
------------------------------------------
AFTER SPHERE CACHING:
------------------------------------------
radius: 2,  blocks: 27,    timer: 2 ms
radius: 3,  blocks: 93,    timer: 0 ms
radius: 4,  blocks: 251,   timer: 0 ms
radius: 5,  blocks: 485,   timer: 0 ms
radius: 6,  blocks: 895,   timer: 0 ms
radius: 7,  blocks: 1365,  timer: 0 ms
radius: 8,  blocks: 2103,  timer: 0 ms
radius: 9,  blocks: 2969,  timer: 0 ms
radius: 10, blocks: 4139,  timer: 0 ms
radius: 11, blocks: 5497,  timer: 0 ms
radius: 12, blocks: 7123,  timer: 0 ms
radius: 13, blocks: 9093,  timer: 2 ms
radius: 14, blocks: 11459, timer: 0 ms
radius: 15, blocks: 13997, timer: 1 ms
radius: 16, blocks: 17071, timer: 4 ms
radius: 17, blocks: 20276, timer: 2 ms
radius: 18, blocks: 23981, timer: 5 ms
radius: 19, blocks: 27878, timer: 2 ms
radius: 20, blocks: 32223, timer: 3 ms
radius: 21, blocks: 36848, timer: 3 ms
radius: 22, blocks: 41789, timer: 3 ms
radius: 23, blocks: 47146, timer: 4 ms
radius: 24, blocks: 52987, timer: 5 ms
radius: 25, blocks: 58988, timer: 9 ms
radius: 26, blocks: 65693, timer: 5 ms
radius: 27, blocks: 72634, timer: 9 ms
radius: 28, blocks: 80227, timer: 10 ms
radius: 29, blocks: 87836, timer: 22 ms
radius: 30, blocks: 96353, timer: 9 ms
